<?xml version="1.0" encoding="UTF-8"?>
<testsuite xmlns:xsi="http://www.w3.org/2001/XMLSchema-instance" xsi:noNamespaceSchemaLocation="https://maven.apache.org/surefire/maven-surefire-plugin/xsd/surefire-test-report.xsd" name="edu.tudai.arquitecturaswebtpe3.ArquitecturasWebTpe2ApplicationTests" time="1.589" tests="1" errors="0" skipped="0" failures="0">
  <properties>
    <property name="java.specification.version" value="19"/>
    <property name="sun.jnu.encoding" value="UTF-8"/>
    <property name="java.class.path" value="/Users/palilu/TUDAI/arquitectura/ArquitecturasWebTPE5/target/test-classes:/Users/palilu/TUDAI/arquitectura/ArquitecturasWebTPE5/target/classes:/Users/Palilu/.m2/repository/org/springframework/boot/spring-boot-starter/2.7.4/spring-boot-starter-2.7.4.jar:/Users/Palilu/.m2/repository/org/springframework/boot/spring-boot/2.7.4/spring-boot-2.7.4.jar:/Users/Palilu/.m2/repository/org/springframework/spring-context/5.3.23/spring-context-5.3.23.jar:/Users/Palilu/.m2/repository/org/springframework/boot/spring-boot-autoconfigure/2.7.4/spring-boot-autoconfigure-2.7.4.jar:/Users/Palilu/.m2/repository/org/springframework/boot/spring-boot-starter-logging/2.7.4/spring-boot-starter-logging-2.7.4.jar:/Users/Palilu/.m2/repository/ch/qos/logback/logback-classic/1.2.11/logback-classic-1.2.11.jar:/Users/Palilu/.m2/repository/ch/qos/logback/logback-core/1.2.11/logback-core-1.2.11.jar:/Users/Palilu/.m2/repository/org/apache/logging/log4j/log4j-to-slf4j/2.17.2/log4j-to-slf4j-2.17.2.jar:/Users/Palilu/.m2/repository/org/apache/logging/log4j/log4j-api/2.17.2/log4j-api-2.17.2.jar:/Users/Palilu/.m2/repository/org/slf4j/jul-to-slf4j/1.7.36/jul-to-slf4j-1.7.36.jar:/Users/Palilu/.m2/repository/jakarta/annotation/jakarta.annotation-api/1.3.5/jakarta.annotation-api-1.3.5.jar:/Users/Palilu/.m2/repository/org/springframework/spring-core/5.3.23/spring-core-5.3.23.jar:/Users/Palilu/.m2/repository/org/springframework/spring-jcl/5.3.23/spring-jcl-5.3.23.jar:/Users/Palilu/.m2/repository/org/yaml/snakeyaml/1.30/snakeyaml-1.30.jar:/Users/Palilu/.m2/repository/org/springframework/boot/spring-boot-starter-test/2.7.4/spring-boot-starter-test-2.7.4.jar:/Users/Palilu/.m2/repository/org/springframework/boot/spring-boot-test/2.7.4/spring-boot-test-2.7.4.jar:/Users/Palilu/.m2/repository/org/springframework/boot/spring-boot-test-autoconfigure/2.7.4/spring-boot-test-autoconfigure-2.7.4.jar:/Users/Palilu/.m2/repository/com/jayway/jsonpath/json-path/2.7.0/json-path-2.7.0.jar:/Users/Palilu/.m2/repository/net/minidev/json-smart/2.4.8/json-smart-2.4.8.jar:/Users/Palilu/.m2/repository/net/minidev/accessors-smart/2.4.8/accessors-smart-2.4.8.jar:/Users/Palilu/.m2/repository/org/ow2/asm/asm/9.1/asm-9.1.jar:/Users/Palilu/.m2/repository/jakarta/xml/bind/jakarta.xml.bind-api/2.3.3/jakarta.xml.bind-api-2.3.3.jar:/Users/Palilu/.m2/repository/jakarta/activation/jakarta.activation-api/1.2.2/jakarta.activation-api-1.2.2.jar:/Users/Palilu/.m2/repository/org/hamcrest/hamcrest/2.2/hamcrest-2.2.jar:/Users/Palilu/.m2/repository/org/junit/jupiter/junit-jupiter/5.8.2/junit-jupiter-5.8.2.jar:/Users/Palilu/.m2/repository/org/junit/jupiter/junit-jupiter-api/5.8.2/junit-jupiter-api-5.8.2.jar:/Users/Palilu/.m2/repository/org/opentest4j/opentest4j/1.2.0/opentest4j-1.2.0.jar:/Users/Palilu/.m2/repository/org/junit/platform/junit-platform-commons/1.8.2/junit-platform-commons-1.8.2.jar:/Users/Palilu/.m2/repository/org/apiguardian/apiguardian-api/1.1.2/apiguardian-api-1.1.2.jar:/Users/Palilu/.m2/repository/org/junit/jupiter/junit-jupiter-params/5.8.2/junit-jupiter-params-5.8.2.jar:/Users/Palilu/.m2/repository/org/junit/jupiter/junit-jupiter-engine/5.8.2/junit-jupiter-engine-5.8.2.jar:/Users/Palilu/.m2/repository/org/junit/platform/junit-platform-engine/1.8.2/junit-platform-engine-1.8.2.jar:/Users/Palilu/.m2/repository/org/mockito/mockito-core/4.5.1/mockito-core-4.5.1.jar:/Users/Palilu/.m2/repository/net/bytebuddy/byte-buddy/1.12.17/byte-buddy-1.12.17.jar:/Users/Palilu/.m2/repository/net/bytebuddy/byte-buddy-agent/1.12.17/byte-buddy-agent-1.12.17.jar:/Users/Palilu/.m2/repository/org/objenesis/objenesis/3.2/objenesis-3.2.jar:/Users/Palilu/.m2/repository/org/mockito/mockito-junit-jupiter/4.5.1/mockito-junit-jupiter-4.5.1.jar:/Users/Palilu/.m2/repository/org/skyscreamer/jsonassert/1.5.1/jsonassert-1.5.1.jar:/Users/Palilu/.m2/repository/com/vaadin/external/google/android-json/0.0.20131108.vaadin1/android-json-0.0.20131108.vaadin1.jar:/Users/Palilu/.m2/repository/org/springframework/spring-test/5.3.23/spring-test-5.3.23.jar:/Users/Palilu/.m2/repository/org/xmlunit/xmlunit-core/2.9.0/xmlunit-core-2.9.0.jar:/Users/Palilu/.m2/repository/org/springframework/boot/spring-boot-starter-web/2.7.4/spring-boot-starter-web-2.7.4.jar:/Users/Palilu/.m2/repository/org/springframework/boot/spring-boot-starter-json/2.7.4/spring-boot-starter-json-2.7.4.jar:/Users/Palilu/.m2/repository/com/fasterxml/jackson/core/jackson-databind/2.13.4/jackson-databind-2.13.4.jar:/Users/Palilu/.m2/repository/com/fasterxml/jackson/core/jackson-core/2.13.4/jackson-core-2.13.4.jar:/Users/Palilu/.m2/repository/com/fasterxml/jackson/datatype/jackson-datatype-jdk8/2.13.4/jackson-datatype-jdk8-2.13.4.jar:/Users/Palilu/.m2/repository/com/fasterxml/jackson/datatype/jackson-datatype-jsr310/2.13.4/jackson-datatype-jsr310-2.13.4.jar:/Users/Palilu/.m2/repository/com/fasterxml/jackson/module/jackson-module-parameter-names/2.13.4/jackson-module-parameter-names-2.13.4.jar:/Users/Palilu/.m2/repository/org/springframework/boot/spring-boot-starter-tomcat/2.7.4/spring-boot-starter-tomcat-2.7.4.jar:/Users/Palilu/.m2/repository/org/apache/tomcat/embed/tomcat-embed-core/9.0.65/tomcat-embed-core-9.0.65.jar:/Users/Palilu/.m2/repository/org/apache/tomcat/embed/tomcat-embed-el/9.0.65/tomcat-embed-el-9.0.65.jar:/Users/Palilu/.m2/repository/org/apache/tomcat/embed/tomcat-embed-websocket/9.0.65/tomcat-embed-websocket-9.0.65.jar:/Users/Palilu/.m2/repository/org/springframework/spring-web/5.3.23/spring-web-5.3.23.jar:/Users/Palilu/.m2/repository/org/springframework/spring-beans/5.3.23/spring-beans-5.3.23.jar:/Users/Palilu/.m2/repository/org/springframework/spring-webmvc/5.3.23/spring-webmvc-5.3.23.jar:/Users/Palilu/.m2/repository/org/springframework/spring-aop/5.3.23/spring-aop-5.3.23.jar:/Users/Palilu/.m2/repository/org/springframework/spring-expression/5.3.23/spring-expression-5.3.23.jar:/Users/Palilu/.m2/repository/org/projectlombok/lombok/1.18.24/lombok-1.18.24.jar:/Users/Palilu/.m2/repository/org/modelmapper/modelmapper/3.1.0/modelmapper-3.1.0.jar:/Users/Palilu/.m2/repository/io/springfox/springfox-swagger2/3.0.0/springfox-swagger2-3.0.0.jar:/Users/Palilu/.m2/repository/io/springfox/springfox-spi/3.0.0/springfox-spi-3.0.0.jar:/Users/Palilu/.m2/repository/io/springfox/springfox-core/3.0.0/springfox-core-3.0.0.jar:/Users/Palilu/.m2/repository/io/springfox/springfox-schema/3.0.0/springfox-schema-3.0.0.jar:/Users/Palilu/.m2/repository/io/springfox/springfox-swagger-common/3.0.0/springfox-swagger-common-3.0.0.jar:/Users/Palilu/.m2/repository/io/swagger/core/v3/swagger-annotations/2.1.2/swagger-annotations-2.1.2.jar:/Users/Palilu/.m2/repository/io/springfox/springfox-spring-web/3.0.0/springfox-spring-web-3.0.0.jar:/Users/Palilu/.m2/repository/io/github/classgraph/classgraph/4.8.83/classgraph-4.8.83.jar:/Users/Palilu/.m2/repository/io/springfox/springfox-spring-webmvc/3.0.0/springfox-spring-webmvc-3.0.0.jar:/Users/Palilu/.m2/repository/io/springfox/springfox-spring-webflux/3.0.0/springfox-spring-webflux-3.0.0.jar:/Users/Palilu/.m2/repository/com/fasterxml/classmate/1.5.1/classmate-1.5.1.jar:/Users/Palilu/.m2/repository/org/slf4j/slf4j-api/1.7.36/slf4j-api-1.7.36.jar:/Users/Palilu/.m2/repository/org/springframework/plugin/spring-plugin-core/2.0.0.RELEASE/spring-plugin-core-2.0.0.RELEASE.jar:/Users/Palilu/.m2/repository/org/springframework/plugin/spring-plugin-metadata/2.0.0.RELEASE/spring-plugin-metadata-2.0.0.RELEASE.jar:/Users/Palilu/.m2/repository/io/swagger/swagger-annotations/1.5.20/swagger-annotations-1.5.20.jar:/Users/Palilu/.m2/repository/io/swagger/swagger-models/1.5.20/swagger-models-1.5.20.jar:/Users/Palilu/.m2/repository/com/fasterxml/jackson/core/jackson-annotations/2.13.4/jackson-annotations-2.13.4.jar:/Users/Palilu/.m2/repository/org/mapstruct/mapstruct/1.3.1.Final/mapstruct-1.3.1.Final.jar:/Users/Palilu/.m2/repository/io/springfox/springfox-boot-starter/3.0.0/springfox-boot-starter-3.0.0.jar:/Users/Palilu/.m2/repository/io/springfox/springfox-oas/3.0.0/springfox-oas-3.0.0.jar:/Users/Palilu/.m2/repository/io/swagger/core/v3/swagger-models/2.1.2/swagger-models-2.1.2.jar:/Users/Palilu/.m2/repository/io/springfox/springfox-data-rest/3.0.0/springfox-data-rest-3.0.0.jar:/Users/Palilu/.m2/repository/io/springfox/springfox-bean-validators/3.0.0/springfox-bean-validators-3.0.0.jar:/Users/Palilu/.m2/repository/io/springfox/springfox-swagger-ui/3.0.0/springfox-swagger-ui-3.0.0.jar:/Users/Palilu/.m2/repository/junit/junit/4.13.2/junit-4.13.2.jar:/Users/Palilu/.m2/repository/org/hamcrest/hamcrest-core/2.2/hamcrest-core-2.2.jar:/Users/Palilu/.m2/repository/org/assertj/assertj-core/3.22.0/assertj-core-3.22.0.jar:"/>
    <property name="java.vm.vendor" value="Homebrew"/>
    <property name="sun.arch.data.model" value="64"/>
    <property name="java.vendor.url" value="https://github.com/Homebrew/homebrew-core/issues"/>
    <property name="os.name" value="Mac OS X"/>
    <property name="java.vm.specification.version" value="19"/>
    <property name="sun.java.launcher" value="SUN_STANDARD"/>
    <property name="user.country" value="AR"/>
    <property name="sun.boot.library.path" value="/opt/homebrew/Cellar/openjdk/19.0.1/libexec/openjdk.jdk/Contents/Home/lib"/>
    <property name="sun.java.command" value="/Users/palilu/TUDAI/arquitectura/ArquitecturasWebTPE5/target/surefire/surefirebooter6936307903479825081.jar /Users/palilu/TUDAI/arquitectura/ArquitecturasWebTPE5/target/surefire 2022-11-20T19-14-14_539-jvmRun1 surefire13432652192414134772tmp surefire_06020551676001166160tmp"/>
    <property name="http.nonProxyHosts" value="local|*.local|169.254/16|*.169.254/16"/>
    <property name="jdk.debug" value="release"/>
    <property name="surefire.test.class.path" value="/Users/palilu/TUDAI/arquitectura/ArquitecturasWebTPE5/target/test-classes:/Users/palilu/TUDAI/arquitectura/ArquitecturasWebTPE5/target/classes:/Users/Palilu/.m2/repository/org/springframework/boot/spring-boot-starter/2.7.4/spring-boot-starter-2.7.4.jar:/Users/Palilu/.m2/repository/org/springframework/boot/spring-boot/2.7.4/spring-boot-2.7.4.jar:/Users/Palilu/.m2/repository/org/springframework/spring-context/5.3.23/spring-context-5.3.23.jar:/Users/Palilu/.m2/repository/org/springframework/boot/spring-boot-autoconfigure/2.7.4/spring-boot-autoconfigure-2.7.4.jar:/Users/Palilu/.m2/repository/org/springframework/boot/spring-boot-starter-logging/2.7.4/spring-boot-starter-logging-2.7.4.jar:/Users/Palilu/.m2/repository/ch/qos/logback/logback-classic/1.2.11/logback-classic-1.2.11.jar:/Users/Palilu/.m2/repository/ch/qos/logback/logback-core/1.2.11/logback-core-1.2.11.jar:/Users/Palilu/.m2/repository/org/apache/logging/log4j/log4j-to-slf4j/2.17.2/log4j-to-slf4j-2.17.2.jar:/Users/Palilu/.m2/repository/org/apache/logging/log4j/log4j-api/2.17.2/log4j-api-2.17.2.jar:/Users/Palilu/.m2/repository/org/slf4j/jul-to-slf4j/1.7.36/jul-to-slf4j-1.7.36.jar:/Users/Palilu/.m2/repository/jakarta/annotation/jakarta.annotation-api/1.3.5/jakarta.annotation-api-1.3.5.jar:/Users/Palilu/.m2/repository/org/springframework/spring-core/5.3.23/spring-core-5.3.23.jar:/Users/Palilu/.m2/repository/org/springframework/spring-jcl/5.3.23/spring-jcl-5.3.23.jar:/Users/Palilu/.m2/repository/org/yaml/snakeyaml/1.30/snakeyaml-1.30.jar:/Users/Palilu/.m2/repository/org/springframework/boot/spring-boot-starter-test/2.7.4/spring-boot-starter-test-2.7.4.jar:/Users/Palilu/.m2/repository/org/springframework/boot/spring-boot-test/2.7.4/spring-boot-test-2.7.4.jar:/Users/Palilu/.m2/repository/org/springframework/boot/spring-boot-test-autoconfigure/2.7.4/spring-boot-test-autoconfigure-2.7.4.jar:/Users/Palilu/.m2/repository/com/jayway/jsonpath/json-path/2.7.0/json-path-2.7.0.jar:/Users/Palilu/.m2/repository/net/minidev/json-smart/2.4.8/json-smart-2.4.8.jar:/Users/Palilu/.m2/repository/net/minidev/accessors-smart/2.4.8/accessors-smart-2.4.8.jar:/Users/Palilu/.m2/repository/org/ow2/asm/asm/9.1/asm-9.1.jar:/Users/Palilu/.m2/repository/jakarta/xml/bind/jakarta.xml.bind-api/2.3.3/jakarta.xml.bind-api-2.3.3.jar:/Users/Palilu/.m2/repository/jakarta/activation/jakarta.activation-api/1.2.2/jakarta.activation-api-1.2.2.jar:/Users/Palilu/.m2/repository/org/hamcrest/hamcrest/2.2/hamcrest-2.2.jar:/Users/Palilu/.m2/repository/org/junit/jupiter/junit-jupiter/5.8.2/junit-jupiter-5.8.2.jar:/Users/Palilu/.m2/repository/org/junit/jupiter/junit-jupiter-api/5.8.2/junit-jupiter-api-5.8.2.jar:/Users/Palilu/.m2/repository/org/opentest4j/opentest4j/1.2.0/opentest4j-1.2.0.jar:/Users/Palilu/.m2/repository/org/junit/platform/junit-platform-commons/1.8.2/junit-platform-commons-1.8.2.jar:/Users/Palilu/.m2/repository/org/apiguardian/apiguardian-api/1.1.2/apiguardian-api-1.1.2.jar:/Users/Palilu/.m2/repository/org/junit/jupiter/junit-jupiter-params/5.8.2/junit-jupiter-params-5.8.2.jar:/Users/Palilu/.m2/repository/org/junit/jupiter/junit-jupiter-engine/5.8.2/junit-jupiter-engine-5.8.2.jar:/Users/Palilu/.m2/repository/org/junit/platform/junit-platform-engine/1.8.2/junit-platform-engine-1.8.2.jar:/Users/Palilu/.m2/repository/org/mockito/mockito-core/4.5.1/mockito-core-4.5.1.jar:/Users/Palilu/.m2/repository/net/bytebuddy/byte-buddy/1.12.17/byte-buddy-1.12.17.jar:/Users/Palilu/.m2/repository/net/bytebuddy/byte-buddy-agent/1.12.17/byte-buddy-agent-1.12.17.jar:/Users/Palilu/.m2/repository/org/objenesis/objenesis/3.2/objenesis-3.2.jar:/Users/Palilu/.m2/repository/org/mockito/mockito-junit-jupiter/4.5.1/mockito-junit-jupiter-4.5.1.jar:/Users/Palilu/.m2/repository/org/skyscreamer/jsonassert/1.5.1/jsonassert-1.5.1.jar:/Users/Palilu/.m2/repository/com/vaadin/external/google/android-json/0.0.20131108.vaadin1/android-json-0.0.20131108.vaadin1.jar:/Users/Palilu/.m2/repository/org/springframework/spring-test/5.3.23/spring-test-5.3.23.jar:/Users/Palilu/.m2/repository/org/xmlunit/xmlunit-core/2.9.0/xmlunit-core-2.9.0.jar:/Users/Palilu/.m2/repository/org/springframework/boot/spring-boot-starter-web/2.7.4/spring-boot-starter-web-2.7.4.jar:/Users/Palilu/.m2/repository/org/springframework/boot/spring-boot-starter-json/2.7.4/spring-boot-starter-json-2.7.4.jar:/Users/Palilu/.m2/repository/com/fasterxml/jackson/core/jackson-databind/2.13.4/jackson-databind-2.13.4.jar:/Users/Palilu/.m2/repository/com/fasterxml/jackson/core/jackson-core/2.13.4/jackson-core-2.13.4.jar:/Users/Palilu/.m2/repository/com/fasterxml/jackson/datatype/jackson-datatype-jdk8/2.13.4/jackson-datatype-jdk8-2.13.4.jar:/Users/Palilu/.m2/repository/com/fasterxml/jackson/datatype/jackson-datatype-jsr310/2.13.4/jackson-datatype-jsr310-2.13.4.jar:/Users/Palilu/.m2/repository/com/fasterxml/jackson/module/jackson-module-parameter-names/2.13.4/jackson-module-parameter-names-2.13.4.jar:/Users/Palilu/.m2/repository/org/springframework/boot/spring-boot-starter-tomcat/2.7.4/spring-boot-starter-tomcat-2.7.4.jar:/Users/Palilu/.m2/repository/org/apache/tomcat/embed/tomcat-embed-core/9.0.65/tomcat-embed-core-9.0.65.jar:/Users/Palilu/.m2/repository/org/apache/tomcat/embed/tomcat-embed-el/9.0.65/tomcat-embed-el-9.0.65.jar:/Users/Palilu/.m2/repository/org/apache/tomcat/embed/tomcat-embed-websocket/9.0.65/tomcat-embed-websocket-9.0.65.jar:/Users/Palilu/.m2/repository/org/springframework/spring-web/5.3.23/spring-web-5.3.23.jar:/Users/Palilu/.m2/repository/org/springframework/spring-beans/5.3.23/spring-beans-5.3.23.jar:/Users/Palilu/.m2/repository/org/springframework/spring-webmvc/5.3.23/spring-webmvc-5.3.23.jar:/Users/Palilu/.m2/repository/org/springframework/spring-aop/5.3.23/spring-aop-5.3.23.jar:/Users/Palilu/.m2/repository/org/springframework/spring-expression/5.3.23/spring-expression-5.3.23.jar:/Users/Palilu/.m2/repository/org/projectlombok/lombok/1.18.24/lombok-1.18.24.jar:/Users/Palilu/.m2/repository/org/modelmapper/modelmapper/3.1.0/modelmapper-3.1.0.jar:/Users/Palilu/.m2/repository/io/springfox/springfox-swagger2/3.0.0/springfox-swagger2-3.0.0.jar:/Users/Palilu/.m2/repository/io/springfox/springfox-spi/3.0.0/springfox-spi-3.0.0.jar:/Users/Palilu/.m2/repository/io/springfox/springfox-core/3.0.0/springfox-core-3.0.0.jar:/Users/Palilu/.m2/repository/io/springfox/springfox-schema/3.0.0/springfox-schema-3.0.0.jar:/Users/Palilu/.m2/repository/io/springfox/springfox-swagger-common/3.0.0/springfox-swagger-common-3.0.0.jar:/Users/Palilu/.m2/repository/io/swagger/core/v3/swagger-annotations/2.1.2/swagger-annotations-2.1.2.jar:/Users/Palilu/.m2/repository/io/springfox/springfox-spring-web/3.0.0/springfox-spring-web-3.0.0.jar:/Users/Palilu/.m2/repository/io/github/classgraph/classgraph/4.8.83/classgraph-4.8.83.jar:/Users/Palilu/.m2/repository/io/springfox/springfox-spring-webmvc/3.0.0/springfox-spring-webmvc-3.0.0.jar:/Users/Palilu/.m2/repository/io/springfox/springfox-spring-webflux/3.0.0/springfox-spring-webflux-3.0.0.jar:/Users/Palilu/.m2/repository/com/fasterxml/classmate/1.5.1/classmate-1.5.1.jar:/Users/Palilu/.m2/repository/org/slf4j/slf4j-api/1.7.36/slf4j-api-1.7.36.jar:/Users/Palilu/.m2/repository/org/springframework/plugin/spring-plugin-core/2.0.0.RELEASE/spring-plugin-core-2.0.0.RELEASE.jar:/Users/Palilu/.m2/repository/org/springframework/plugin/spring-plugin-metadata/2.0.0.RELEASE/spring-plugin-metadata-2.0.0.RELEASE.jar:/Users/Palilu/.m2/repository/io/swagger/swagger-annotations/1.5.20/swagger-annotations-1.5.20.jar:/Users/Palilu/.m2/repository/io/swagger/swagger-models/1.5.20/swagger-models-1.5.20.jar:/Users/Palilu/.m2/repository/com/fasterxml/jackson/core/jackson-annotations/2.13.4/jackson-annotations-2.13.4.jar:/Users/Palilu/.m2/repository/org/mapstruct/mapstruct/1.3.1.Final/mapstruct-1.3.1.Final.jar:/Users/Palilu/.m2/repository/io/springfox/springfox-boot-starter/3.0.0/springfox-boot-starter-3.0.0.jar:/Users/Palilu/.m2/repository/io/springfox/springfox-oas/3.0.0/springfox-oas-3.0.0.jar:/Users/Palilu/.m2/repository/io/swagger/core/v3/swagger-models/2.1.2/swagger-models-2.1.2.jar:/Users/Palilu/.m2/repository/io/springfox/springfox-data-rest/3.0.0/springfox-data-rest-3.0.0.jar:/Users/Palilu/.m2/repository/io/springfox/springfox-bean-validators/3.0.0/springfox-bean-validators-3.0.0.jar:/Users/Palilu/.m2/repository/io/springfox/springfox-swagger-ui/3.0.0/springfox-swagger-ui-3.0.0.jar:/Users/Palilu/.m2/repository/junit/junit/4.13.2/junit-4.13.2.jar:/Users/Palilu/.m2/repository/org/hamcrest/hamcrest-core/2.2/hamcrest-core-2.2.jar:/Users/Palilu/.m2/repository/org/assertj/assertj-core/3.22.0/assertj-core-3.22.0.jar:"/>
    <property name="sun.cpu.endian" value="little"/>
    <property name="user.home" value="/Users/Palilu"/>
    <property name="user.language" value="en"/>
    <property name="java.specification.vendor" value="Oracle Corporation"/>
    <property name="java.version.date" value="2022-10-18"/>
    <property name="java.home" value="/opt/homebrew/Cellar/openjdk/19.0.1/libexec/openjdk.jdk/Contents/Home"/>
    <property name="file.separator" value="/"/>
    <property name="basedir" value="/Users/palilu/TUDAI/arquitectura/ArquitecturasWebTPE5"/>
    <property name="java.vm.compressedOopsMode" value="Zero based"/>
    <property name="line.separator" value="&#10;"/>
    <property name="java.vm.specification.vendor" value="Oracle Corporation"/>
    <property name="java.specification.name" value="Java Platform API Specification"/>
    <property name="apple.awt.application.name" value="ForkedBooter"/>
    <property name="surefire.real.class.path" value="/Users/palilu/TUDAI/arquitectura/ArquitecturasWebTPE5/target/surefire/surefirebooter6936307903479825081.jar"/>
    <property name="sun.management.compiler" value="HotSpot 64-Bit Tiered Compilers"/>
    <property name="ftp.nonProxyHosts" value="local|*.local|169.254/16|*.169.254/16"/>
    <property name="java.runtime.version" value="19.0.1"/>
    <property name="user.name" value="palilu"/>
    <property name="stdout.encoding" value="UTF-8"/>
    <property name="path.separator" value=":"/>
    <property name="os.version" value="12.4"/>
    <property name="java.runtime.name" value="OpenJDK Runtime Environment"/>
    <property name="file.encoding" value="UTF-8"/>
    <property name="java.vm.name" value="OpenJDK 64-Bit Server VM"/>
    <property name="java.vendor.version" value="Homebrew"/>
    <property name="localRepository" value="/Users/Palilu/.m2/repository"/>
    <property name="java.vendor.url.bug" value="https://github.com/Homebrew/homebrew-core/issues"/>
    <property name="java.io.tmpdir" value="/var/folders/d7/jsdqzs5x5t58j05v_nq7jvl80000gn/T/"/>
    <property name="java.version" value="19.0.1"/>
    <property name="user.dir" value="/Users/palilu/TUDAI/arquitectura/ArquitecturasWebTPE5"/>
    <property name="os.arch" value="aarch64"/>
    <property name="java.vm.specification.name" value="Java Virtual Machine Specification"/>
    <property name="native.encoding" value="UTF-8"/>
    <property name="java.library.path" value="/Users/Palilu/Library/Java/Extensions:/Library/Java/Extensions:/Network/Library/Java/Extensions:/System/Library/Java/Extensions:/usr/lib/java:."/>
    <property name="java.vm.info" value="mixed mode, sharing"/>
    <property name="stderr.encoding" value="UTF-8"/>
    <property name="java.vendor" value="Homebrew"/>
    <property name="java.vm.version" value="19.0.1"/>
    <property name="sun.io.unicode.encoding" value="UnicodeBig"/>
    <property name="socksNonProxyHosts" value="local|*.local|169.254/16|*.169.254/16"/>
    <property name="java.class.version" value="63.0"/>
  </properties>
  <testcase name="contextLoads" classname="edu.tudai.arquitecturaswebtpe3.ArquitecturasWebTpe2ApplicationTests" time="0.172"/>
</testsuite>